This is pdfTeX, Version 3.14159265-2.6-1.40.19 (TeX Live 2018) (preloaded format=pdflatex 2018.4.16)  13 NOV 2018 13:16
entering extended mode
 restricted \write18 enabled.
 %&-line parsing enabled.
**"/Users/oneill/Documents/Year1/CBE 710/SimulationProject/text_submit/Submissi
on.tex"

(/Users/oneill/Documents/Year1/CBE 710/SimulationProject/text_submit/Submission
.tex
LaTeX2e <2018-04-01> patch level 2
Babel <3.18> and hyphenation patterns for 84 language(s) loaded.
(/usr/local/texlive/2018/texmf-dist/tex/latex/base/article.cls
Document Class: article 2014/09/29 v1.4h Standard LaTeX document class
(/usr/local/texlive/2018/texmf-dist/tex/latex/base/size10.clo
File: size10.clo 2014/09/29 v1.4h Standard LaTeX file (size option)
)
\c@part=\count80
\c@section=\count81
\c@subsection=\count82
\c@subsubsection=\count83
\c@paragraph=\count84
\c@subparagraph=\count85
\c@figure=\count86
\c@table=\count87
\abovecaptionskip=\skip41
\belowcaptionskip=\skip42
\bibindent=\dimen102
)
(/usr/local/texlive/2018/texmf-dist/tex/latex/blindtext/blindtext.sty
Package: blindtext 2012/01/06 V2.0 blindtext-Package

(/usr/local/texlive/2018/texmf-dist/tex/latex/tools/xspace.sty
Package: xspace 2014/10/28 v1.13 Space after command names (DPC,MH)
)
\c@blindtext=\count88
\c@Blindtext=\count89
\c@blind@countparstart=\count90
\blind@countxx=\count91
\blindtext@numBlindtext=\count92
\blind@countyy=\count93
\c@blindlist=\count94
\c@blindlistlevel=\count95
\c@blindlist@level=\count96
\blind@listitem=\count97
\c@blind@listcount=\count98
\c@blind@levelcount=\count99
\blind@mathformula=\count100
\blind@Mathformula=\count101
\c@blind@randomcount=\count102
\c@blind@randommax=\count103
\c@blind@pangramcount=\count104
\c@blind@pangrammax=\count105
)
(/usr/local/texlive/2018/texmf-dist/tex/latex/base/inputenc.sty
Package: inputenc 2018/04/06 v1.3b Input encoding file
\inpenc@prehook=\toks14
\inpenc@posthook=\toks15
)
(/usr/local/texlive/2018/texmf-dist/tex/latex/geometry/geometry.sty
Package: geometry 2018/03/24 v5.7 Page Geometry

(/usr/local/texlive/2018/texmf-dist/tex/latex/graphics/keyval.sty
Package: keyval 2014/10/28 v1.15 key=value parser (DPC)
\KV@toks@=\toks16
)
(/usr/local/texlive/2018/texmf-dist/tex/generic/oberdiek/ifpdf.sty
Package: ifpdf 2017/03/15 v3.2 Provides the ifpdf switch
)
(/usr/local/texlive/2018/texmf-dist/tex/generic/oberdiek/ifvtex.sty
Package: ifvtex 2016/05/16 v1.6 Detect VTeX and its facilities (HO)
Package ifvtex Info: VTeX not detected.
)
(/usr/local/texlive/2018/texmf-dist/tex/generic/ifxetex/ifxetex.sty
Package: ifxetex 2010/09/12 v0.6 Provides ifxetex conditional
)
\Gm@cnth=\count106
\Gm@cntv=\count107
\c@Gm@tempcnt=\count108
\Gm@bindingoffset=\dimen103
\Gm@wd@mp=\dimen104
\Gm@odd@mp=\dimen105
\Gm@even@mp=\dimen106
\Gm@layoutwidth=\dimen107
\Gm@layoutheight=\dimen108
\Gm@layouthoffset=\dimen109
\Gm@layoutvoffset=\dimen110
\Gm@dimlist=\toks17
)
(/usr/local/texlive/2018/texmf-dist/tex/latex/graphics/graphicx.sty
Package: graphicx 2017/06/01 v1.1a Enhanced LaTeX Graphics (DPC,SPQR)

(/usr/local/texlive/2018/texmf-dist/tex/latex/graphics/graphics.sty
Package: graphics 2017/06/25 v1.2c Standard LaTeX Graphics (DPC,SPQR)

(/usr/local/texlive/2018/texmf-dist/tex/latex/graphics/trig.sty
Package: trig 2016/01/03 v1.10 sin cos tan (DPC)
)
(/usr/local/texlive/2018/texmf-dist/tex/latex/graphics-cfg/graphics.cfg
File: graphics.cfg 2016/06/04 v1.11 sample graphics configuration
)
Package graphics Info: Driver file: pdftex.def on input line 99.

(/usr/local/texlive/2018/texmf-dist/tex/latex/graphics-def/pdftex.def
File: pdftex.def 2018/01/08 v1.0l Graphics/color driver for pdftex
))
\Gin@req@height=\dimen111
\Gin@req@width=\dimen112
)
(/usr/local/texlive/2018/texmf-dist/tex/latex/float/float.sty
Package: float 2001/11/08 v1.3d Float enhancements (AL)
\c@float@type=\count109
\float@exts=\toks18
\float@box=\box26
\@float@everytoks=\toks19
\@floatcapt=\box27
)
(/usr/local/texlive/2018/texmf-dist/tex/latex/listings/listings.sty
\lst@mode=\count110
\lst@gtempboxa=\box28
\lst@token=\toks20
\lst@length=\count111
\lst@currlwidth=\dimen113
\lst@column=\count112
\lst@pos=\count113
\lst@lostspace=\dimen114
\lst@width=\dimen115
\lst@newlines=\count114
\lst@lineno=\count115
\lst@maxwidth=\dimen116

(/usr/local/texlive/2018/texmf-dist/tex/latex/listings/lstmisc.sty
File: lstmisc.sty 2015/06/04 1.6 (Carsten Heinz)
\c@lstnumber=\count116
\lst@skipnumbers=\count117
\lst@framebox=\box29
)
(/usr/local/texlive/2018/texmf-dist/tex/latex/listings/listings.cfg
File: listings.cfg 2015/06/04 1.6 listings configuration
))
Package: listings 2015/06/04 1.6 (Carsten Heinz)

(./Submission.aux)
\openout1 = `Submission.aux'.

LaTeX Font Info:    Checking defaults for OML/cmm/m/it on input line 16.
LaTeX Font Info:    ... okay on input line 16.
LaTeX Font Info:    Checking defaults for T1/cmr/m/n on input line 16.
LaTeX Font Info:    ... okay on input line 16.
LaTeX Font Info:    Checking defaults for OT1/cmr/m/n on input line 16.
LaTeX Font Info:    ... okay on input line 16.
LaTeX Font Info:    Checking defaults for OMS/cmsy/m/n on input line 16.
LaTeX Font Info:    ... okay on input line 16.
LaTeX Font Info:    Checking defaults for OMX/cmex/m/n on input line 16.
LaTeX Font Info:    ... okay on input line 16.
LaTeX Font Info:    Checking defaults for U/cmr/m/n on input line 16.
LaTeX Font Info:    ... okay on input line 16.

*geometry* driver: auto-detecting
*geometry* detected driver: pdftex
*geometry* verbose mode - [ preamble ] result:
* driver: pdftex
* paper: <default>
* layout: <same size as paper>
* layoutoffset:(h,v)=(0.0pt,0.0pt)
* modes: 
* h-part:(L,W,R)=(54.2025pt, 505.89pt, 54.2025pt)
* v-part:(T,H,B)=(54.2025pt, 686.56499pt, 54.2025pt)
* \paperwidth=614.295pt
* \paperheight=794.96999pt
* \textwidth=505.89pt
* \textheight=686.56499pt
* \oddsidemargin=-18.06749pt
* \evensidemargin=-18.06749pt
* \topmargin=-55.06749pt
* \headheight=12.0pt
* \headsep=25.0pt
* \topskip=10.0pt
* \footskip=30.0pt
* \marginparwidth=65.0pt
* \marginparsep=11.0pt
* \columnsep=10.0pt
* \skip\footins=9.0pt plus 4.0pt minus 2.0pt
* \hoffset=0.0pt
* \voffset=0.0pt
* \mag=1000
* \@twocolumnfalse
* \@twosidefalse
* \@mparswitchfalse
* \@reversemarginfalse
* (1in=72.27pt=25.4mm, 1cm=28.453pt)

(/usr/local/texlive/2018/texmf-dist/tex/context/base/mkii/supp-pdf.mkii
[Loading MPS to PDF converter (version 2006.09.02).]
\scratchcounter=\count118
\scratchdimen=\dimen117
\scratchbox=\box30
\nofMPsegments=\count119
\nofMParguments=\count120
\everyMPshowfont=\toks21
\MPscratchCnt=\count121
\MPscratchDim=\dimen118
\MPnumerator=\count122
\makeMPintoPDFobject=\count123
\everyMPtoPDFconversion=\toks22
) (/usr/local/texlive/2018/texmf-dist/tex/latex/oberdiek/epstopdf-base.sty
Package: epstopdf-base 2016/05/15 v2.6 Base part for package epstopdf

(/usr/local/texlive/2018/texmf-dist/tex/generic/oberdiek/infwarerr.sty
Package: infwarerr 2016/05/16 v1.4 Providing info/warning/error messages (HO)
)
(/usr/local/texlive/2018/texmf-dist/tex/latex/oberdiek/grfext.sty
Package: grfext 2016/05/16 v1.2 Manage graphics extensions (HO)

(/usr/local/texlive/2018/texmf-dist/tex/generic/oberdiek/kvdefinekeys.sty
Package: kvdefinekeys 2016/05/16 v1.4 Define keys (HO)

(/usr/local/texlive/2018/texmf-dist/tex/generic/oberdiek/ltxcmds.sty
Package: ltxcmds 2016/05/16 v1.23 LaTeX kernel commands for general use (HO)
)))
(/usr/local/texlive/2018/texmf-dist/tex/latex/oberdiek/kvoptions.sty
Package: kvoptions 2016/05/16 v3.12 Key value format for package options (HO)

(/usr/local/texlive/2018/texmf-dist/tex/generic/oberdiek/kvsetkeys.sty
Package: kvsetkeys 2016/05/16 v1.17 Key value parser (HO)

(/usr/local/texlive/2018/texmf-dist/tex/generic/oberdiek/etexcmds.sty
Package: etexcmds 2016/05/16 v1.6 Avoid name clashes with e-TeX commands (HO)

(/usr/local/texlive/2018/texmf-dist/tex/generic/oberdiek/ifluatex.sty
Package: ifluatex 2016/05/16 v1.4 Provides the ifluatex switch (HO)
Package ifluatex Info: LuaTeX not detected.
)
Package etexcmds Info: Could not find \expanded.
(etexcmds)             That can mean that you are not using pdfTeX 1.50 or
(etexcmds)             that some package has redefined \expanded.
(etexcmds)             In the latter case, load this package earlier.
)))
(/usr/local/texlive/2018/texmf-dist/tex/generic/oberdiek/pdftexcmds.sty
Package: pdftexcmds 2018/01/30 v0.27 Utility functions of pdfTeX for LuaTeX (HO
)
Package pdftexcmds Info: LuaTeX not detected.
Package pdftexcmds Info: \pdf@primitive is available.
Package pdftexcmds Info: \pdf@ifprimitive is available.
Package pdftexcmds Info: \pdfdraftmode found.
)
Package epstopdf-base Info: Redefining graphics rule for `.eps' on input line 4
38.
Package grfext Info: Graphics extension search list:
(grfext)             [.pdf,.png,.jpg,.mps,.jpeg,.jbig2,.jb2,.PDF,.PNG,.JPG,.JPE
G,.JBIG2,.JB2,.eps]
(grfext)             \AppendGraphicsExtensions on input line 456.

(/usr/local/texlive/2018/texmf-dist/tex/latex/latexconfig/epstopdf-sys.cfg
File: epstopdf-sys.cfg 2010/07/13 v1.3 Configuration of (r)epstopdf for TeX Liv
e
))
\c@lstlisting=\count124
LaTeX Font Info:    External font `cmex10' loaded for size
(Font)              <12> on input line 19.
LaTeX Font Info:    External font `cmex10' loaded for size
(Font)              <8> on input line 19.
LaTeX Font Info:    External font `cmex10' loaded for size
(Font)              <6> on input line 19.
LaTeX Font Info:    External font `cmex10' loaded for size
(Font)              <7> on input line 24.
LaTeX Font Info:    External font `cmex10' loaded for size
(Font)              <5> on input line 24.
<./Images/J=-2.png, id=1, 420.57124pt x 281.05pt>
File: ./Images/J=-2.png Graphic file (type png)
<use ./Images/J=-2.png>
Package pdftex.def Info: ./Images/J=-2.png  used on input line 32.
(pdftex.def)             Requested size: 315.42766pt x 210.78697pt.
<./Images/J=-2b.png, id=3, 385.44pt x 252.945pt>
File: ./Images/J=-2b.png Graphic file (type png)
<use ./Images/J=-2b.png>
Package pdftex.def Info: ./Images/J=-2b.png  used on input line 38.
(pdftex.def)             Requested size: 289.07928pt x 189.70828pt.

[1

{/usr/local/texlive/2018/texmf-var/fonts/map/pdftex/updmap/pdftex.map} <./Image
s/J=-2.png>]
<./Images/J=-2c.png, id=17, 385.44pt x 252.945pt>
File: ./Images/J=-2c.png Graphic file (type png)
<use ./Images/J=-2c.png>
Package pdftex.def Info: ./Images/J=-2c.png  used on input line 44.
(pdftex.def)             Requested size: 289.07928pt x 189.70828pt.
<./Images/J=05a.png, id=18, 420.57124pt x 281.05pt>
File: ./Images/J=05a.png Graphic file (type png)
<use ./Images/J=05a.png>
Package pdftex.def Info: ./Images/J=05a.png  used on input line 57.
(pdftex.def)             Requested size: 210.28511pt x 140.52464pt.
<./Images/J=05c.png, id=19, 420.57124pt x 281.05pt>
File: ./Images/J=05c.png Graphic file (type png)
<use ./Images/J=05c.png>
Package pdftex.def Info: ./Images/J=05c.png  used on input line 58.
(pdftex.def)             Requested size: 210.28511pt x 140.52464pt.
 [2 <./Images/J=-2b.png> <./Images/J=-2c.png>]
<./Images/J=05b.png, id=25, 384.43625pt x 252.945pt>
File: ./Images/J=05b.png Graphic file (type png)
<use ./Images/J=05b.png>
Package pdftex.def Info: ./Images/J=05b.png  used on input line 64.
(pdftex.def)             Requested size: 288.32648pt x 189.70828pt.
<./Images/J=05d.png, id=26, 384.43625pt x 252.945pt>
File: ./Images/J=05d.png Graphic file (type png)
<use ./Images/J=05d.png>
Package pdftex.def Info: ./Images/J=05d.png  used on input line 70.
(pdftex.def)             Requested size: 288.32648pt x 189.70828pt.
 [3 <./Images/J=05a.png> <./Images/J=05c.png> <./Images/J=05b.png> <./Images/J=
05d.png>]
<./Images/J=2a.png, id=34, 425.59pt x 281.05pt>
File: ./Images/J=2a.png Graphic file (type png)
<use ./Images/J=2a.png>
Package pdftex.def Info: ./Images/J=2a.png  used on input line 81.
(pdftex.def)             Requested size: 212.79446pt x 140.52464pt.
<./Images/J=2b.png, id=35, 425.59pt x 281.05pt>
File: ./Images/J=2b.png Graphic file (type png)
<use ./Images/J=2b.png>
Package pdftex.def Info: ./Images/J=2b.png  used on input line 82.
(pdftex.def)             Requested size: 212.79446pt x 140.52464pt.
<./Images/J=2c.png, id=36, 375.4025pt x 252.945pt>
File: ./Images/J=2c.png Graphic file (type png)
<use ./Images/J=2c.png>
Package pdftex.def Info: ./Images/J=2c.png  used on input line 88.
(pdftex.def)             Requested size: 281.55118pt x 189.70828pt.
<./Images/J=2d.png, id=37, 385.44pt x 252.945pt>
File: ./Images/J=2d.png Graphic file (type png)
<use ./Images/J=2d.png>
Package pdftex.def Info: ./Images/J=2d.png  used on input line 94.
(pdftex.def)             Requested size: 289.07928pt x 189.70828pt.
 [4 <./Images/J=2a.png> <./Images/J=2b.png> <./Images/J=2c.png>]
<./Images/J=-2m.png, id=44, 391.4625pt x 252.945pt>
File: ./Images/J=-2m.png Graphic file (type png)
<use ./Images/J=-2m.png>
Package pdftex.def Info: ./Images/J=-2m.png  used on input line 108.
(pdftex.def)             Requested size: 195.73076pt x 126.47218pt.
<./Images/J=05m1.png, id=45, 385.44pt x 252.945pt>
File: ./Images/J=05m1.png Graphic file (type png)
<use ./Images/J=05m1.png>
Package pdftex.def Info: ./Images/J=05m1.png  used on input line 117.
(pdftex.def)             Requested size: 192.71953pt x 126.47218pt.
<./Images/J=05m2.png, id=46, 385.44pt x 252.945pt>
File: ./Images/J=05m2.png Graphic file (type png)
<use ./Images/J=05m2.png>
Package pdftex.def Info: ./Images/J=05m2.png  used on input line 118.
(pdftex.def)             Requested size: 192.71953pt x 126.47218pt.
 [5 <./Images/J=2d.png> <./Images/J=-2m.png>]
<./Images/J=2m1.png, id=55, 376.40625pt x 252.945pt>
File: ./Images/J=2m1.png Graphic file (type png)
<use ./Images/J=2m1.png>
Package pdftex.def Info: ./Images/J=2m1.png  used on input line 127.
(pdftex.def)             Requested size: 188.20265pt x 126.47218pt.
<./Images/J=2m2.png, id=56, 385.44pt x 252.945pt>
File: ./Images/J=2m2.png Graphic file (type png)
<use ./Images/J=2m2.png>
Package pdftex.def Info: ./Images/J=2m2.png  used on input line 128.
(pdftex.def)             Requested size: 192.71953pt x 126.47218pt.
 [6 <./Images/J=05m1.png> <./Images/J=05m2.png> <./Images/J=2m1.png> <./Images/
J=2m2.png>] [7]
<./Images/Mag2.png, id=68, 484.6908pt x 334.851pt>
File: ./Images/Mag2.png Graphic file (type png)
<use ./Images/Mag2.png>
Package pdftex.def Info: ./Images/Mag2.png  used on input line 186.
(pdftex.def)             Requested size: 242.3448pt x 167.42508pt.
<./Images/Cv.png, id=69, 490.4724pt x 337.26pt>
File: ./Images/Cv.png Graphic file (type png)
<use ./Images/Cv.png>
Package pdftex.def Info: ./Images/Cv.png  used on input line 192.
(pdftex.def)             Requested size: 245.2356pt x 168.62958pt.
 [8 <./Images/Mag2.png> <./Images/Cv.png>]
[9]
<./Images/kin_energy.png, id=78, 462.528pt x 346.896pt>
File: ./Images/kin_energy.png Graphic file (type png)
<use ./Images/kin_energy.png>
Package pdftex.def Info: ./Images/kin_energy.png  used on input line 245.
(pdftex.def)             Requested size: 231.26343pt x 173.44757pt.
<./Images/pot_energy.png, id=79, 462.528pt x 346.896pt>
File: ./Images/pot_energy.png Graphic file (type png)
<use ./Images/pot_energy.png>
Package pdftex.def Info: ./Images/pot_energy.png  used on input line 251.
(pdftex.def)             Requested size: 231.26343pt x 173.44757pt.
<./Images/tot_energy.png, id=80, 462.528pt x 346.896pt>
File: ./Images/tot_energy.png Graphic file (type png)
<use ./Images/tot_energy.png>
Package pdftex.def Info: ./Images/tot_energy.png  used on input line 257.
(pdftex.def)             Requested size: 231.26343pt x 173.44757pt.
 [10 <./Images/kin_energy.png> <./Images/pot_energy.png>]
<./Images/kin_energy_b.png, id=86, 462.528pt x 346.896pt>
File: ./Images/kin_energy_b.png Graphic file (type png)
<use ./Images/kin_energy_b.png>
Package pdftex.def Info: ./Images/kin_energy_b.png  used on input line 270.
(pdftex.def)             Requested size: 231.26343pt x 173.44757pt.
<./Images/pot_energy_b.png, id=87, 462.528pt x 346.896pt>
File: ./Images/pot_energy_b.png Graphic file (type png)
<use ./Images/pot_energy_b.png>
Package pdftex.def Info: ./Images/pot_energy_b.png  used on input line 271.
(pdftex.def)             Requested size: 231.26343pt x 173.44757pt.
<./Images/tot_energy_b.png, id=88, 462.528pt x 346.896pt>
File: ./Images/tot_energy_b.png Graphic file (type png)
<use ./Images/tot_energy_b.png>
Package pdftex.def Info: ./Images/tot_energy_b.png  used on input line 272.
(pdftex.def)             Requested size: 231.26343pt x 173.44757pt.
 [11 <./Images/tot_energy.png>]
<./Images/together_b.png, id=93, 462.528pt x 346.896pt>
File: ./Images/together_b.png Graphic file (type png)
<use ./Images/together_b.png>
Package pdftex.def Info: ./Images/together_b.png  used on input line 278.
(pdftex.def)             Requested size: 231.26343pt x 173.44757pt.
 [12 <./Images/kin_energy_b.png> <./Images/pot_energy_b.png> <./Images/tot_ener
gy_b.png> <./Images/together_b.png>]
<./Images/speeds_nothermo.png, id=101, 462.528pt x 346.896pt>
File: ./Images/speeds_nothermo.png Graphic file (type png)
<use ./Images/speeds_nothermo.png>
Package pdftex.def Info: ./Images/speeds_nothermo.png  used on input line 297.
(pdftex.def)             Requested size: 231.26343pt x 173.44757pt.
<./Images/speeds.png, id=102, 462.528pt x 346.896pt>
File: ./Images/speeds.png Graphic file (type png)
<use ./Images/speeds.png>
Package pdftex.def Info: ./Images/speeds.png  used on input line 307.
(pdftex.def)             Requested size: 231.26343pt x 173.44757pt.

Underfull \hbox (badness 10000) in paragraph at lines 312--313

 []

[13 <./Images/speeds_nothermo.png> <./Images/speeds.png>]
<./Images/gofr_85.png, id=109, 462.528pt x 346.896pt>
File: ./Images/gofr_85.png Graphic file (type png)
<use ./Images/gofr_85.png>
Package pdftex.def Info: ./Images/gofr_85.png  used on input line 322.
(pdftex.def)             Requested size: 231.26343pt x 173.44757pt.
<./Images/gofr_10.png, id=110, 462.528pt x 346.896pt>
File: ./Images/gofr_10.png Graphic file (type png)
<use ./Images/gofr_10.png>
Package pdftex.def Info: ./Images/gofr_10.png  used on input line 323.
(pdftex.def)             Requested size: 231.26343pt x 173.44757pt.
<./Images/gofr_01.png, id=111, 462.528pt x 346.896pt>
File: ./Images/gofr_01.png Graphic file (type png)
<use ./Images/gofr_01.png>
Package pdftex.def Info: ./Images/gofr_01.png  used on input line 324.
(pdftex.def)             Requested size: 231.26343pt x 173.44757pt.
<./Images/gofr_300.png, id=112, 462.528pt x 346.896pt>
File: ./Images/gofr_300.png Graphic file (type png)
<use ./Images/gofr_300.png>
Package pdftex.def Info: ./Images/gofr_300.png  used on input line 333.
(pdftex.def)             Requested size: 231.26343pt x 173.44757pt.
<./Images/gofr_config.png, id=113, 709.65125pt x 554.07pt>
File: ./Images/gofr_config.png Graphic file (type png)
<use ./Images/gofr_config.png>
Package pdftex.def Info: ./Images/gofr_config.png  used on input line 334.
(pdftex.def)             Requested size: 248.38165pt x 193.9274pt.
 [14 <./Images/gofr_85.png> <./Images/gofr_10.png> <./Images/gofr_01.png>]
<./Images/dens_eps1.png, id=120, 462.528pt x 346.896pt>
File: ./Images/dens_eps1.png Graphic file (type png)
<use ./Images/dens_eps1.png>
Package pdftex.def Info: ./Images/dens_eps1.png  used on input line 345.
(pdftex.def)             Requested size: 231.26343pt x 173.44757pt.
<./Images/dens_eps3.png, id=121, 462.528pt x 346.896pt>
File: ./Images/dens_eps3.png Graphic file (type png)
<use ./Images/dens_eps3.png>
Package pdftex.def Info: ./Images/dens_eps3.png  used on input line 353.
(pdftex.def)             Requested size: 231.26343pt x 173.44757pt.
 [15 <./Images/gofr_300.png> <./Images/gofr_config.png> <./Images/dens_eps1.png
>]
<./Images/dens_eps5.png, id=128, 462.528pt x 346.896pt>
File: ./Images/dens_eps5.png Graphic file (type png)
<use ./Images/dens_eps5.png>
Package pdftex.def Info: ./Images/dens_eps5.png  used on input line 362.
(pdftex.def)             Requested size: 231.26343pt x 173.44757pt.
<./Images/dens_eps7.png, id=129, 462.528pt x 346.896pt>
File: ./Images/dens_eps7.png Graphic file (type png)
<use ./Images/dens_eps7.png>
Package pdftex.def Info: ./Images/dens_eps7.png  used on input line 371.
(pdftex.def)             Requested size: 231.26343pt x 173.44757pt.
 [16 <./Images/dens_eps3.png> <./Images/dens_eps5.png>]
<./Images/dens_eps9.png, id=135, 462.528pt x 346.896pt>
File: ./Images/dens_eps9.png Graphic file (type png)
<use ./Images/dens_eps9.png>
Package pdftex.def Info: ./Images/dens_eps9.png  used on input line 380.
(pdftex.def)             Requested size: 231.26343pt x 173.44757pt.
<./Images/dens_eps9-2.png, id=136, 913.4125pt x 658.46pt>
File: ./Images/dens_eps9-2.png Graphic file (type png)
<use ./Images/dens_eps9-2.png>
Package pdftex.def Info: ./Images/dens_eps9-2.png  used on input line 381.
(pdftex.def)             Requested size: 228.35257pt x 164.6146pt.
<./Images/config-9-2.png, id=137, 590.205pt x 605.26125pt>
File: ./Images/config-9-2.png Graphic file (type png)
<use ./Images/config-9-2.png>
Package pdftex.def Info: ./Images/config-9-2.png  used on input line 387.
(pdftex.def)             Requested size: 177.06287pt x 181.57976pt.
<./Images/config-9-1.png, id=138, 522.95375pt x 578.16pt>
File: ./Images/config-9-1.png Graphic file (type png)
<use ./Images/config-9-1.png>
Package pdftex.def Info: ./Images/config-9-1.png  used on input line 388.
(pdftex.def)             Requested size: 156.88733pt x 173.44933pt.
 [17 <./Images/dens_eps7.png> <./Images/dens_eps9.png> <./Images/dens_eps9-2.pn
g> <./Images/config-9-2.png> <./Images/config-9-1.png>] [18] (/usr/local/texliv
e/2018/texmf-dist/tex/latex/listings/lstlang1.sty
File: lstlang1.sty 2015/06/04 1.6 listings language file
)
LaTeX Font Info:    Try loading font information for OMS+cmr on input line 402.

 (/usr/local/texlive/2018/texmf-dist/tex/latex/base/omscmr.fd
File: omscmr.fd 2014/09/29 v2.5h Standard LaTeX font definitions
)
LaTeX Font Info:    Font shape `OMS/cmr/m/it' in size <10> not available
(Font)              Font shape `OMS/cmsy/m/n' tried instead on input line 402.
LaTeX Font Info:    Font shape `OMS/cmr/m/n' in size <10> not available
(Font)              Font shape `OMS/cmsy/m/n' tried instead on input line 426.
 [19]
LaTeX Font Info:    Try loading font information for OML+cmr on input line 458.


(/usr/local/texlive/2018/texmf-dist/tex/latex/base/omlcmr.fd
File: omlcmr.fd 2014/09/29 v2.5h Standard LaTeX font definitions
)
LaTeX Font Info:    Font shape `OML/cmr/m/n' in size <10> not available
(Font)              Font shape `OML/cmm/m/it' tried instead on input line 458.
LaTeX Font Info:    Font shape `OML/cmr/m/it' in size <10> not available
(Font)              Font shape `OML/cmm/m/it' tried instead on input line 510.
 [20] [21]
[22]
Overfull \hbox (10.11525pt too wide) in paragraph at lines 667--669
[][][][][][][][][][][][][][][][][][][][][][][][][][] 
 []

[23] [24] [25]
Overfull \hbox (34.1155pt too wide) in paragraph at lines 782--783
[][][][][][][][][][][][][][][][][][][][][][][][][][][][][][][][][][][][][][][] 

 []


Overfull \hbox (28.11543pt too wide) in paragraph at lines 785--786
[][][][][][][][][][][][][][][][][][][][][][][][][][][][][][][][][][][][][][] 
 []


Overfull \hbox (52.11568pt too wide) in paragraph at lines 788--789
[][][][][][][][][][][][][][][][][][][][][][][][][][][][][][][] 
 []


Overfull \hbox (16.11531pt too wide) in paragraph at lines 808--811
[][][][][][][][][][][][][][][][][][][][][][][][][][][][][][] 
 []

[26] [27]
Overfull \hbox (34.1155pt too wide) in paragraph at lines 868--869
[][][][][][][][][][][][][][][][][][][][][][][][][][][][][][][][][][][][][][][] 

 []


Overfull \hbox (28.11543pt too wide) in paragraph at lines 871--872
[][][][][][][][][][][][][][][][][][][][][][][][][][][][][][][][][][][][][][] 
 []


Overfull \hbox (52.11568pt too wide) in paragraph at lines 874--875
[][][][][][][][][][][][][][][][][][][][][][][][][][][][][][][] 
 []

[28]
Overfull \hbox (28.11543pt too wide) in paragraph at lines 978--980
[][][][][][][][][][][][][][][][][][][][][][][][][] 
 []

[29]
Overfull \hbox (4.11519pt too wide) in paragraph at lines 1000--1001
[][][][][][][][][][][][][][][][][][][][][] 
 []


Overfull \hbox (52.11568pt too wide) in paragraph at lines 1029--1031
[][][][][][][][][][][][][][][][][][][][][][][][][][] 
 []

[30]
Overfull \hbox (16.11531pt too wide) in paragraph at lines 1079--1080
[][][][][][][][][][][][][][][][][][][][][][] 
 []

[31] [32] [33] (./Submission.aux) ) 
Here is how much of TeX's memory you used:
 4527 strings out of 492649
 64280 string characters out of 6129622
 186091 words of memory out of 5000000
 8328 multiletter control sequences out of 15000+600000
 8241 words of font info for 29 fonts, out of 8000000 for 9000
 1141 hyphenation exceptions out of 8191
 41i,7n,42p,1287b,1729s stack positions out of 5000i,500n,10000p,200000b,80000s
</usr/local/texlive/2018/texmf-dist/fonts/ty
pe1/public/amsfonts/cm/cmbx10.pfb></usr/local/texlive/2018/texmf-dist/fonts/typ
e1/public/amsfonts/cm/cmbx12.pfb></usr/local/texlive/2018/texmf-dist/fonts/type
1/public/amsfonts/cm/cmex10.pfb></usr/local/texlive/2018/texmf-dist/fonts/type1
/public/amsfonts/cm/cmmi10.pfb></usr/local/texlive/2018/texmf-dist/fonts/type1/
public/amsfonts/cm/cmmi7.pfb></usr/local/texlive/2018/texmf-dist/fonts/type1/pu
blic/amsfonts/cm/cmr10.pfb></usr/local/texlive/2018/texmf-dist/fonts/type1/publ
ic/amsfonts/cm/cmr12.pfb></usr/local/texlive/2018/texmf-dist/fonts/type1/public
/amsfonts/cm/cmr17.pfb></usr/local/texlive/2018/texmf-dist/fonts/type1/public/a
msfonts/cm/cmr7.pfb></usr/local/texlive/2018/texmf-dist/fonts/type1/public/amsf
onts/cm/cmsy10.pfb></usr/local/texlive/2018/texmf-dist/fonts/type1/public/amsfo
nts/cm/cmsy7.pfb></usr/local/texlive/2018/texmf-dist/fonts/type1/public/amsfont
s/cm/cmti10.pfb>
Output written on Submission.pdf (33 pages, 2541122 bytes).
PDF statistics:
 240 PDF objects out of 1000 (max. 8388607)
 111 compressed objects within 2 object streams
 0 named destinations out of 1000 (max. 500000)
 201 words of extra memory for PDF output out of 10000 (max. 10000000)

